<?xml version="1.0" encoding="UTF-8"?>
<!-- Generated by org.testng.reporters.JUnitXMLReporter -->
<testsuite ignored="0" hostname="LAPTOP-6883ILH2" failures="0" tests="3" name="Test" time="39.463" errors="0" timestamp="2022-03-02T19:01:04 IST">
  <testcase classname="com.test.OrangeHRMTest" name="loginPageTest" time="2.197"/>
  <testcase classname="com.test.OrangeHRMTest" name="loginTest" time="10.441"/>
  <testcase classname="com.test.OrangeHRMTest" name="sampleCase" time="0.009"/>
</testsuite> <!-- Test -->
