<?xml version="1.0" encoding="UTF-8"?>
<testng-results ignored="0" total="3" passed="2" failed="1" skipped="0">
  <reporter-output>
  </reporter-output>
  <suite started-at="2022-03-02T16:01:36 IST" name="Default suite" finished-at="2022-03-02T16:02:18 IST" duration-ms="41602">
    <groups>
    </groups>
    <test started-at="2022-03-02T16:01:36 IST" name="Default test" finished-at="2022-03-02T16:02:18 IST" duration-ms="41602">
      <class name="com.test.OrangeHRMTest">
        <test-method is-config="true" signature="BeforeSuite()[pri:0, instance:com.test.OrangeHRMTest@17a7f733]" started-at="2022-03-02T16:01:36 IST" name="BeforeSuite" finished-at="2022-03-02T16:01:36 IST" duration-ms="316" status="PASS">
          <reporter-output>
          </reporter-output>
        </test-method> <!-- BeforeSuite -->
        <test-method is-config="true" signature="setup()[pri:0, instance:com.test.OrangeHRMTest@17a7f733]" started-at="2022-03-02T16:01:36 IST" name="setup" finished-at="2022-03-02T16:01:46 IST" duration-ms="10374" status="PASS">
          <reporter-output>
          </reporter-output>
        </test-method> <!-- setup -->
        <test-method signature="loginPageTest()[pri:0, instance:com.test.OrangeHRMTest@17a7f733]" started-at="2022-03-02T16:01:46 IST" name="loginPageTest" finished-at="2022-03-02T16:01:49 IST" duration-ms="2135" status="PASS">
          <reporter-output>
          </reporter-output>
        </test-method> <!-- loginPageTest -->
        <test-method is-config="true" signature="tearDown(org.testng.ITestResult)[pri:0, instance:com.test.OrangeHRMTest@17a7f733]" started-at="2022-03-02T16:01:49 IST" name="tearDown" finished-at="2022-03-02T16:01:49 IST" duration-ms="204" status="PASS">
          <params>
            <param index="0">
              <value>
                <![CDATA[[TestResult name=loginPageTest status=SUCCESS method=OrangeHRMTest.loginPageTest()[pri:0, instance:com.test.OrangeHRMTest@17a7f733] output={null}]]]>
              </value>
            </param>
          </params>
          <reporter-output>
          </reporter-output>
        </test-method> <!-- tearDown -->
        <test-method is-config="true" signature="setup()[pri:0, instance:com.test.OrangeHRMTest@17a7f733]" started-at="2022-03-02T16:01:49 IST" name="setup" finished-at="2022-03-02T16:01:58 IST" duration-ms="8748" status="PASS">
          <reporter-output>
          </reporter-output>
        </test-method> <!-- setup -->
        <test-method signature="loginTest()[pri:0, instance:com.test.OrangeHRMTest@17a7f733]" started-at="2022-03-02T16:01:58 IST" name="loginTest" finished-at="2022-03-02T16:02:07 IST" duration-ms="9748" status="PASS">
          <reporter-output>
          </reporter-output>
        </test-method> <!-- loginTest -->
        <test-method is-config="true" signature="tearDown(org.testng.ITestResult)[pri:0, instance:com.test.OrangeHRMTest@17a7f733]" started-at="2022-03-02T16:02:07 IST" name="tearDown" finished-at="2022-03-02T16:02:08 IST" duration-ms="226" status="PASS">
          <params>
            <param index="0">
              <value>
                <![CDATA[[TestResult name=loginTest status=SUCCESS method=OrangeHRMTest.loginTest()[pri:0, instance:com.test.OrangeHRMTest@17a7f733] output={null}]]]>
              </value>
            </param>
          </params>
          <reporter-output>
          </reporter-output>
        </test-method> <!-- tearDown -->
        <test-method is-config="true" signature="setup()[pri:0, instance:com.test.OrangeHRMTest@17a7f733]" started-at="2022-03-02T16:02:08 IST" name="setup" finished-at="2022-03-02T16:02:17 IST" duration-ms="9760" status="PASS">
          <reporter-output>
          </reporter-output>
        </test-method> <!-- setup -->
        <test-method signature="sampleCase()[pri:0, instance:com.test.OrangeHRMTest@17a7f733]" started-at="2022-03-02T16:02:17 IST" name="sampleCase" finished-at="2022-03-02T16:02:17 IST" duration-ms="8" status="FAIL">
          <exception class="java.lang.NullPointerException">
            <full-stacktrace>
              <![CDATA[java.lang.NullPointerException
at com.test.OrangeHRMTest.sampleCase(OrangeHRMTest.java:32)
at java.base/jdk.internal.reflect.NativeMethodAccessorImpl.invoke0(Native Method)
at java.base/jdk.internal.reflect.NativeMethodAccessorImpl.invoke(NativeMethodAccessorImpl.java:62)
at java.base/jdk.internal.reflect.DelegatingMethodAccessorImpl.invoke(DelegatingMethodAccessorImpl.java:43)
at java.base/java.lang.reflect.Method.invoke(Method.java:566)
at org.testng.internal.MethodInvocationHelper.invokeMethod(MethodInvocationHelper.java:133)
at org.testng.internal.TestInvoker.invokeMethod(TestInvoker.java:584)
at org.testng.internal.TestInvoker.invokeTestMethod(TestInvoker.java:172)
at org.testng.internal.MethodRunner.runInSequence(MethodRunner.java:46)
at org.testng.internal.TestInvoker$MethodInvocationAgent.invoke(TestInvoker.java:804)
at org.testng.internal.TestInvoker.invokeTestMethods(TestInvoker.java:145)
at org.testng.internal.TestMethodWorker.invokeTestMethods(TestMethodWorker.java:146)
at org.testng.internal.TestMethodWorker.run(TestMethodWorker.java:128)
at java.base/java.util.ArrayList.forEach(ArrayList.java:1541)
at org.testng.TestRunner.privateRun(TestRunner.java:770)
at org.testng.TestRunner.run(TestRunner.java:591)
at org.testng.SuiteRunner.runTest(SuiteRunner.java:402)
at org.testng.SuiteRunner.runSequentially(SuiteRunner.java:396)
at org.testng.SuiteRunner.privateRun(SuiteRunner.java:355)
at org.testng.SuiteRunner.run(SuiteRunner.java:304)
at org.testng.SuiteRunnerWorker.runSuite(SuiteRunnerWorker.java:53)
at org.testng.SuiteRunnerWorker.run(SuiteRunnerWorker.java:96)
at org.testng.TestNG.runSuitesSequentially(TestNG.java:1180)
at org.testng.TestNG.runSuitesLocally(TestNG.java:1102)
at org.testng.TestNG.runSuites(TestNG.java:1032)
at org.testng.TestNG.run(TestNG.java:1000)
at org.testng.remote.AbstractRemoteTestNG.run(AbstractRemoteTestNG.java:115)
at org.testng.remote.RemoteTestNG.initAndRun(RemoteTestNG.java:251)
at org.testng.remote.RemoteTestNG.main(RemoteTestNG.java:77)
]]>
            </full-stacktrace>
          </exception> <!-- java.lang.NullPointerException -->
          <reporter-output>
          </reporter-output>
        </test-method> <!-- sampleCase -->
        <test-method is-config="true" signature="tearDown(org.testng.ITestResult)[pri:0, instance:com.test.OrangeHRMTest@17a7f733]" started-at="2022-03-02T16:02:17 IST" name="tearDown" finished-at="2022-03-02T16:02:18 IST" duration-ms="337" status="PASS">
          <params>
            <param index="0">
              <value>
                <![CDATA[[TestResult name=sampleCase status=FAILURE method=OrangeHRMTest.sampleCase()[pri:0, instance:com.test.OrangeHRMTest@17a7f733] output={null}]]]>
              </value>
            </param>
          </params>
          <reporter-output>
          </reporter-output>
        </test-method> <!-- tearDown -->
        <test-method is-config="true" signature="AfterSuite()[pri:0, instance:com.test.OrangeHRMTest@17a7f733]" started-at="2022-03-02T16:02:18 IST" name="AfterSuite" finished-at="2022-03-02T16:02:18 IST" duration-ms="4" status="PASS">
          <reporter-output>
          </reporter-output>
        </test-method> <!-- AfterSuite -->
      </class> <!-- com.test.OrangeHRMTest -->
    </test> <!-- Default test -->
  </suite> <!-- Default suite -->
</testng-results>
