<?xml version="1.0" encoding="UTF-8"?>
<testng-results ignored="0" total="3" passed="3" failed="0" skipped="0">
  <reporter-output>
  </reporter-output>
  <suite started-at="2022-03-02T19:00:24 IST" name="Suite" finished-at="2022-03-02T19:01:04 IST" duration-ms="39463">
    <groups>
    </groups>
    <test started-at="2022-03-02T19:00:24 IST" name="Test" finished-at="2022-03-02T19:01:04 IST" duration-ms="39463">
      <class name="com.test.OrangeHRMTest">
        <test-method is-config="true" signature="BeforeSuite()[pri:0, instance:com.test.OrangeHRMTest@11fc564b]" started-at="2022-03-02T19:00:24 IST" name="BeforeSuite" finished-at="2022-03-02T19:00:24 IST" duration-ms="380" status="PASS">
          <reporter-output>
          </reporter-output>
        </test-method> <!-- BeforeSuite -->
        <test-method is-config="true" signature="setup()[pri:0, instance:com.test.OrangeHRMTest@11fc564b]" started-at="2022-03-02T19:00:24 IST" name="setup" finished-at="2022-03-02T19:00:37 IST" duration-ms="12468" status="PASS">
          <reporter-output>
          </reporter-output>
        </test-method> <!-- setup -->
        <test-method signature="loginPageTest()[pri:0, instance:com.test.OrangeHRMTest@11fc564b]" started-at="2022-03-02T19:00:37 IST" name="loginPageTest" finished-at="2022-03-02T19:00:39 IST" duration-ms="2197" status="PASS">
          <reporter-output>
          </reporter-output>
        </test-method> <!-- loginPageTest -->
        <test-method is-config="true" signature="tearDown(org.testng.ITestResult)[pri:0, instance:com.test.OrangeHRMTest@11fc564b]" started-at="2022-03-02T19:00:39 IST" name="tearDown" finished-at="2022-03-02T19:00:39 IST" duration-ms="161" status="PASS">
          <params>
            <param index="0">
              <value>
                <![CDATA[[TestResult name=loginPageTest status=SUCCESS method=OrangeHRMTest.loginPageTest()[pri:0, instance:com.test.OrangeHRMTest@11fc564b] output={null}]]]>
              </value>
            </param>
          </params>
          <reporter-output>
          </reporter-output>
        </test-method> <!-- tearDown -->
        <test-method is-config="true" signature="setup()[pri:0, instance:com.test.OrangeHRMTest@11fc564b]" started-at="2022-03-02T19:00:39 IST" name="setup" finished-at="2022-03-02T19:00:46 IST" duration-ms="7073" status="PASS">
          <reporter-output>
          </reporter-output>
        </test-method> <!-- setup -->
        <test-method signature="loginTest()[pri:0, instance:com.test.OrangeHRMTest@11fc564b]" started-at="2022-03-02T19:00:46 IST" name="loginTest" finished-at="2022-03-02T19:00:57 IST" duration-ms="10441" status="PASS">
          <reporter-output>
          </reporter-output>
        </test-method> <!-- loginTest -->
        <test-method is-config="true" signature="tearDown(org.testng.ITestResult)[pri:0, instance:com.test.OrangeHRMTest@11fc564b]" started-at="2022-03-02T19:00:57 IST" name="tearDown" finished-at="2022-03-02T19:00:57 IST" duration-ms="173" status="PASS">
          <params>
            <param index="0">
              <value>
                <![CDATA[[TestResult name=loginTest status=SUCCESS method=OrangeHRMTest.loginTest()[pri:0, instance:com.test.OrangeHRMTest@11fc564b] output={null}]]]>
              </value>
            </param>
          </params>
          <reporter-output>
          </reporter-output>
        </test-method> <!-- tearDown -->
        <test-method is-config="true" signature="setup()[pri:0, instance:com.test.OrangeHRMTest@11fc564b]" started-at="2022-03-02T19:00:57 IST" name="setup" finished-at="2022-03-02T19:01:03 IST" duration-ms="6623" status="PASS">
          <reporter-output>
          </reporter-output>
        </test-method> <!-- setup -->
        <test-method signature="sampleCase()[pri:0, instance:com.test.OrangeHRMTest@11fc564b]" started-at="2022-03-02T19:01:03 IST" name="sampleCase" finished-at="2022-03-02T19:01:03 IST" duration-ms="9" status="PASS">
          <reporter-output>
          </reporter-output>
        </test-method> <!-- sampleCase -->
        <test-method is-config="true" signature="tearDown(org.testng.ITestResult)[pri:0, instance:com.test.OrangeHRMTest@11fc564b]" started-at="2022-03-02T19:01:03 IST" name="tearDown" finished-at="2022-03-02T19:01:04 IST" duration-ms="185" status="PASS">
          <params>
            <param index="0">
              <value>
                <![CDATA[[TestResult name=sampleCase status=SUCCESS method=OrangeHRMTest.sampleCase()[pri:0, instance:com.test.OrangeHRMTest@11fc564b] output={null}]]]>
              </value>
            </param>
          </params>
          <reporter-output>
          </reporter-output>
        </test-method> <!-- tearDown -->
        <test-method is-config="true" signature="AfterSuite()[pri:0, instance:com.test.OrangeHRMTest@11fc564b]" started-at="2022-03-02T19:01:04 IST" name="AfterSuite" finished-at="2022-03-02T19:01:04 IST" duration-ms="622" status="PASS">
          <reporter-output>
          </reporter-output>
        </test-method> <!-- AfterSuite -->
      </class> <!-- com.test.OrangeHRMTest -->
    </test> <!-- Test -->
  </suite> <!-- Suite -->
</testng-results>
